  main.cpp
     Creating library G:\Dev\GameStoreManagementSystem\x64\Release\GameStoreManagementSystem.lib and object G:\Dev\GameStoreManagementSystem\x64\Release\GameStoreManagementSystem.exp
  Generating code
  30 of 224 functions (13.4%) were compiled, the rest were copied from previous compilation.
    1 functions were new in current compilation
    1 functions had inline decision re-evaluated but remain unchanged
  Finished generating code
mysqlcppconn-static.lib(mysql_driver.obj) : warning LNK4099: PDB 'jdbc.pdb' was not found with 'mysqlcppconn-static.lib(mysql_driver.obj)' or at 'G:\Dev\GameStoreManagementSystem\x64\Release\jdbc.pdb'; linking object as if no debug info
mysqlcppconn-static.lib(mysql_connection.obj) : warning LNK4099: PDB 'jdbc.pdb' was not found with 'mysqlcppconn-static.lib(mysql_connection.obj)' or at 'G:\Dev\GameStoreManagementSystem\x64\Release\jdbc.pdb'; linking object as if no debug info
mysqlcppconn-static.lib(mysql_native_driver_wrapper.obj) : warning LNK4099: PDB 'jdbc.pdb' was not found with 'mysqlcppconn-static.lib(mysql_native_driver_wrapper.obj)' or at 'G:\Dev\GameStoreManagementSystem\x64\Release\jdbc.pdb'; linking object as if no debug info
mysqlcppconn-static.lib(mysql_uri.obj) : warning LNK4099: PDB 'jdbc.pdb' was not found with 'mysqlcppconn-static.lib(mysql_uri.obj)' or at 'G:\Dev\GameStoreManagementSystem\x64\Release\jdbc.pdb'; linking object as if no debug info
mysqlcppconn-static.lib(mysql_metadata.obj) : warning LNK4099: PDB 'jdbc.pdb' was not found with 'mysqlcppconn-static.lib(mysql_metadata.obj)' or at 'G:\Dev\GameStoreManagementSystem\x64\Release\jdbc.pdb'; linking object as if no debug info
mysqlcppconn-static.lib(mysql_warning.obj) : warning LNK4099: PDB 'jdbc.pdb' was not found with 'mysqlcppconn-static.lib(mysql_warning.obj)' or at 'G:\Dev\GameStoreManagementSystem\x64\Release\jdbc.pdb'; linking object as if no debug info
mysqlcppconn-static.lib(mysql_prepared_statement.obj) : warning LNK4099: PDB 'jdbc.pdb' was not found with 'mysqlcppconn-static.lib(mysql_prepared_statement.obj)' or at 'G:\Dev\GameStoreManagementSystem\x64\Release\jdbc.pdb'; linking object as if no debug info
mysqlcppconn-static.lib(mysql_statement.obj) : warning LNK4099: PDB 'jdbc.pdb' was not found with 'mysqlcppconn-static.lib(mysql_statement.obj)' or at 'G:\Dev\GameStoreManagementSystem\x64\Release\jdbc.pdb'; linking object as if no debug info
mysqlcppconn-static.lib(mysql_debug.obj) : warning LNK4099: PDB 'jdbc.pdb' was not found with 'mysqlcppconn-static.lib(mysql_debug.obj)' or at 'G:\Dev\GameStoreManagementSystem\x64\Release\jdbc.pdb'; linking object as if no debug info
mysqlcppconn-static.lib(mysql_client_api.obj) : warning LNK4099: PDB 'jdbc.pdb' was not found with 'mysqlcppconn-static.lib(mysql_client_api.obj)' or at 'G:\Dev\GameStoreManagementSystem\x64\Release\jdbc.pdb'; linking object as if no debug info
mysqlcppconn-static.lib(mysql_native_connection_wrapper.obj) : warning LNK4099: PDB 'jdbc.pdb' was not found with 'mysqlcppconn-static.lib(mysql_native_connection_wrapper.obj)' or at 'G:\Dev\GameStoreManagementSystem\x64\Release\jdbc.pdb'; linking object as if no debug info
mysqlcppconn-static.lib(mysql_util.obj) : warning LNK4099: PDB 'jdbc.pdb' was not found with 'mysqlcppconn-static.lib(mysql_util.obj)' or at 'G:\Dev\GameStoreManagementSystem\x64\Release\jdbc.pdb'; linking object as if no debug info
mysqlcppconn-static.lib(mysql_art_resultset.obj) : warning LNK4099: PDB 'jdbc.pdb' was not found with 'mysqlcppconn-static.lib(mysql_art_resultset.obj)' or at 'G:\Dev\GameStoreManagementSystem\x64\Release\jdbc.pdb'; linking object as if no debug info
mysqlcppconn-static.lib(mysql_resultbind.obj) : warning LNK4099: PDB 'jdbc.pdb' was not found with 'mysqlcppconn-static.lib(mysql_resultbind.obj)' or at 'G:\Dev\GameStoreManagementSystem\x64\Release\jdbc.pdb'; linking object as if no debug info
mysqlcppconn-static.lib(mysql_ps_resultset.obj) : warning LNK4099: PDB 'jdbc.pdb' was not found with 'mysqlcppconn-static.lib(mysql_ps_resultset.obj)' or at 'G:\Dev\GameStoreManagementSystem\x64\Release\jdbc.pdb'; linking object as if no debug info
mysqlcppconn-static.lib(mysql_ps_resultset_metadata.obj) : warning LNK4099: PDB 'jdbc.pdb' was not found with 'mysqlcppconn-static.lib(mysql_ps_resultset_metadata.obj)' or at 'G:\Dev\GameStoreManagementSystem\x64\Release\jdbc.pdb'; linking object as if no debug info
mysqlcppconn-static.lib(mysql_parameter_metadata.obj) : warning LNK4099: PDB 'jdbc.pdb' was not found with 'mysqlcppconn-static.lib(mysql_parameter_metadata.obj)' or at 'G:\Dev\GameStoreManagementSystem\x64\Release\jdbc.pdb'; linking object as if no debug info
mysqlcppconn-static.lib(mysql_resultset.obj) : warning LNK4099: PDB 'jdbc.pdb' was not found with 'mysqlcppconn-static.lib(mysql_resultset.obj)' or at 'G:\Dev\GameStoreManagementSystem\x64\Release\jdbc.pdb'; linking object as if no debug info
mysqlcppconn-static.lib(mysql_native_resultset_wrapper.obj) : warning LNK4099: PDB 'jdbc.pdb' was not found with 'mysqlcppconn-static.lib(mysql_native_resultset_wrapper.obj)' or at 'G:\Dev\GameStoreManagementSystem\x64\Release\jdbc.pdb'; linking object as if no debug info
mysqlcppconn-static.lib(mysql_native_statement_wrapper.obj) : warning LNK4099: PDB 'jdbc.pdb' was not found with 'mysqlcppconn-static.lib(mysql_native_statement_wrapper.obj)' or at 'G:\Dev\GameStoreManagementSystem\x64\Release\jdbc.pdb'; linking object as if no debug info
mysqlcppconn-static.lib(mysql_art_rset_metadata.obj) : warning LNK4099: PDB 'jdbc.pdb' was not found with 'mysqlcppconn-static.lib(mysql_art_rset_metadata.obj)' or at 'G:\Dev\GameStoreManagementSystem\x64\Release\jdbc.pdb'; linking object as if no debug info
mysqlcppconn-static.lib(mysql_resultset_metadata.obj) : warning LNK4099: PDB 'jdbc.pdb' was not found with 'mysqlcppconn-static.lib(mysql_resultset_metadata.obj)' or at 'G:\Dev\GameStoreManagementSystem\x64\Release\jdbc.pdb'; linking object as if no debug info
  GameStoreManagementSystem.vcxproj -> G:\Dev\GameStoreManagementSystem\x64\Release\GameStoreManagementSystem.exe
